A1 branch
branch a1
B branch
b2 branch
A1 branch B branch
branch a2 brach b1
*   8566c19 resolve conflict when merging b2 to a1
|\  
| *   bb55117 resove conflict when merging a2 to b2
| |\  
| * | f7122db brach b2 commit
* | |   0af8fbd resolve conflict when merging a2 to a1
|\ \ \  
| | |/  
| |/|   
| * |   99722e3 resolve conflict
| |\ \  
| | * | 0d0d657 branch b1 commit
| | |/  
| | * afa9a1a B Branch commit
| * | 81551d1 branch a2 commit
* | | 4e6a9a2 branch a1 commit
|/ /  
* | ac70765 branch A commit
|/  
* c3d148e commit log file to master
*   ebd08f8 Merge branch 'A22' into A21
|\  
| *   69985e6 Merge branch 'B2' into A22
| |\  
| | * 8bfa9f5 add B2 to test file
| * | 3bf594f add A22 to test file
* | |   aac79ea Merge branch 'A1' into A21
|\ \ \  
| * | | a29d569 add A1 to test file
* | | | 12f83ef add A21 to test file
| |/ /  
|/| |   
* | | c1dd26c fix bug
* | |   a8c5808 merge A2 with B1
|\ \ \  
| * | | ce7ca5d add B1 to test file
| | |/  
| |/|   
| * | 6836239 add B to test file
* | | 80e02b8 add A2 to test file
| |/  
|/|   
* | 8fa4259 add A to test file
|/  
* 27d5ff2 add test
